<?xml version="1.0" encoding="UTF-8"?>
<testsuites name="jest tests" tests="23" failures="0" errors="0" time="16.236">
  <testsuite name="state/store" errors="0" failures="0" skipped="0" timestamp="2023-02-25T04:32:52" time="7.349" tests="4">
    <testcase classname="state/store createStore nominal" name="state/store createStore nominal" time="1.524">
    </testcase>
    <testcase classname="state/store createStore throws STORE_ALREADY_DEFINED" name="state/store createStore throws STORE_ALREADY_DEFINED" time="1.423">
    </testcase>
    <testcase classname="state/store getStore nominal" name="state/store getStore nominal" time="1.385">
    </testcase>
    <testcase classname="state/store getStore throws NO_STORE_DEFINED" name="state/store getStore throws NO_STORE_DEFINED" time="1.406">
    </testcase>
  </testsuite>
  <testsuite name="state/app/selectors" errors="0" failures="0" skipped="0" timestamp="2023-02-25T04:32:52" time="7.365" tests="4">
    <testcase classname="state/app/selectors getApp nominal" name="state/app/selectors getApp nominal" time="1.544">
    </testcase>
    <testcase classname="state/app/selectors getLoggedIn initialized = false" name="state/app/selectors getLoggedIn initialized = false" time="1.419">
    </testcase>
    <testcase classname="state/app/selectors getLoggedIn currentUser.loggedIn = false" name="state/app/selectors getLoggedIn currentUser.loggedIn = false" time="1.417">
    </testcase>
    <testcase classname="state/app/selectors getLoggedIn loggedIn = true" name="state/app/selectors getLoggedIn loggedIn = true" time="1.411">
    </testcase>
  </testsuite>
  <testsuite name="cadence/contracts/MyExampleNFT" errors="0" failures="0" skipped="0" timestamp="2023-02-25T04:32:59" time="3.245" tests="1">
    <testcase classname="cadence/contracts/MyExampleNFT nominal" name="cadence/contracts/MyExampleNFT nominal" time="2.47">
    </testcase>
  </testsuite>
  <testsuite name="state/app/actions" errors="0" failures="0" skipped="0" timestamp="2023-02-25T04:32:59" time="5.128" tests="3">
    <testcase classname="state/app/actions init nominal" name="state/app/actions init nominal" time="1.477">
    </testcase>
    <testcase classname="state/app/actions login nominal" name="state/app/actions login nominal" time="1.422">
    </testcase>
    <testcase classname="state/app/actions logout nominal" name="state/app/actions logout nominal" time="1.414">
    </testcase>
  </testsuite>
  <testsuite name="cadence/contracts/FlowRPG" errors="0" failures="0" skipped="0" timestamp="2023-02-25T04:33:02" time="3.219" tests="1">
    <testcase classname="cadence/contracts/FlowRPG nominal" name="cadence/contracts/FlowRPG nominal" time="2.449">
    </testcase>
  </testsuite>
  <testsuite name="state/app/reducer" errors="0" failures="0" skipped="0" timestamp="2023-02-25T04:32:52" time="15.652" tests="10">
    <testcase classname="state/app/reducer initialState and default initialState" name="state/app/reducer initialState and default initialState" time="1.526">
    </testcase>
    <testcase classname="state/app/reducer initialState and default default" name="state/app/reducer initialState and default default" time="1.419">
    </testcase>
    <testcase classname="state/app/reducer INIT_APP PENDING" name="state/app/reducer INIT_APP PENDING" time="1.412">
    </testcase>
    <testcase classname="state/app/reducer INIT_APP SUCCESS - loggedIn === true" name="state/app/reducer INIT_APP SUCCESS - loggedIn === true" time="1.412">
    </testcase>
    <testcase classname="state/app/reducer INIT_APP SUCCESS - loggedIn === false" name="state/app/reducer INIT_APP SUCCESS - loggedIn === false" time="1.369">
    </testcase>
    <testcase classname="state/app/reducer INIT_APP FAILURE" name="state/app/reducer INIT_APP FAILURE" time="1.416">
    </testcase>
    <testcase classname="state/app/reducer LOGIN PENDING" name="state/app/reducer LOGIN PENDING" time="1.387">
    </testcase>
    <testcase classname="state/app/reducer LOGIN SUCCESS" name="state/app/reducer LOGIN SUCCESS" time="1.39">
    </testcase>
    <testcase classname="state/app/reducer LOGIN FAILURE" name="state/app/reducer LOGIN FAILURE" time="1.37">
    </testcase>
    <testcase classname="state/app/reducer LOGOUT nominal" name="state/app/reducer LOGOUT nominal" time="1.379">
    </testcase>
  </testsuite>
</testsuites>